2022-12-15 15:58:20,176 [INFO] com.mjk.complaint.CustomerComplaintManagementSystem [restartedMain] Starting CustomerComplaintManagementSystem using Java 17.0.4.1 on lin800021875 with PID 15608 (C:\Users\csingla\Documents\workspace-spring-tool-suite-4-4.16.0.RELEASE\CustomerComplaintManagementSystem1\bin\main started by csingla in C:\Users\csingla\Documents\workspace-spring-tool-suite-4-4.16.0.RELEASE\CustomerComplaintManagementSystem1)
2022-12-15 15:58:20,202 [INFO] com.mjk.complaint.CustomerComplaintManagementSystem [restartedMain] No active profile set, falling back to 1 default profile: "default"
2022-12-15 15:58:20,346 [INFO] org.springframework.boot.devtools.env.DevToolsPropertyDefaultsPostProcessor [restartedMain] Devtools property defaults active! Set 'spring.devtools.add-properties' to 'false' to disable
2022-12-15 15:58:20,347 [INFO] org.springframework.boot.devtools.env.DevToolsPropertyDefaultsPostProcessor [restartedMain] For additional web related logging consider setting the 'logging.level.web' property to 'DEBUG'
2022-12-15 15:58:21,864 [INFO] org.springframework.data.repository.config.RepositoryConfigurationDelegate [restartedMain] Bootstrapping Spring Data JPA repositories in DEFAULT mode.
2022-12-15 15:58:22,003 [INFO] org.springframework.data.repository.config.RepositoryConfigurationDelegate [restartedMain] Finished Spring Data repository scanning in 104 ms. Found 1 JPA repository interfaces.
2022-12-15 15:58:23,442 [INFO] org.springframework.boot.web.embedded.tomcat.TomcatWebServer [restartedMain] Tomcat initialized with port(s): 9050 (http)
2022-12-15 15:58:23,463 [INFO] org.apache.catalina.core.StandardService [restartedMain] Starting service [Tomcat]
2022-12-15 15:58:23,464 [INFO] org.apache.catalina.core.StandardEngine [restartedMain] Starting Servlet engine: [Apache Tomcat/9.0.68]
2022-12-15 15:58:23,635 [INFO] org.apache.catalina.core.ContainerBase.[Tomcat].[localhost].[/] [restartedMain] Initializing Spring embedded WebApplicationContext
2022-12-15 15:58:23,635 [INFO] org.springframework.boot.web.servlet.context.ServletWebServerApplicationContext [restartedMain] Root WebApplicationContext: initialization completed in 3286 ms
2022-12-15 15:58:23,936 [INFO] org.hibernate.jpa.internal.util.LogHelper [restartedMain] HHH000204: Processing PersistenceUnitInfo [name: default]
2022-12-15 15:58:24,074 [INFO] org.hibernate.Version [restartedMain] HHH000412: Hibernate ORM core version 5.6.12.Final
2022-12-15 15:58:24,483 [INFO] org.hibernate.annotations.common.Version [restartedMain] HCANN000001: Hibernate Commons Annotations {5.1.2.Final}
2022-12-15 15:58:24,721 [INFO] com.zaxxer.hikari.HikariDataSource [restartedMain] HikariPool-1 - Starting...
2022-12-15 15:58:26,916 [INFO] com.zaxxer.hikari.HikariDataSource [restartedMain] HikariPool-1 - Start completed.
2022-12-15 15:58:26,962 [INFO] org.hibernate.dialect.Dialect [restartedMain] HHH000400: Using dialect: org.hibernate.dialect.PostgreSQLDialect
2022-12-15 15:58:28,304 [INFO] org.hibernate.engine.transaction.jta.platform.internal.JtaPlatformInitiator [restartedMain] HHH000490: Using JtaPlatform implementation: [org.hibernate.engine.transaction.jta.platform.internal.NoJtaPlatform]
2022-12-15 15:58:28,320 [INFO] org.springframework.orm.jpa.LocalContainerEntityManagerFactoryBean [restartedMain] Initialized JPA EntityManagerFactory for persistence unit 'default'
2022-12-15 15:58:29,018 [WARN] org.springframework.boot.autoconfigure.orm.jpa.JpaBaseConfiguration$JpaWebConfiguration [restartedMain] spring.jpa.open-in-view is enabled by default. Therefore, database queries may be performed during view rendering. Explicitly configure spring.jpa.open-in-view to disable this warning
2022-12-15 15:58:29,567 [INFO] org.springframework.boot.devtools.autoconfigure.OptionalLiveReloadServer [restartedMain] LiveReload server is running on port 35729
2022-12-15 15:58:29,633 [INFO] org.springframework.boot.web.embedded.tomcat.TomcatWebServer [restartedMain] Tomcat started on port(s): 9050 (http) with context path ''
2022-12-15 15:58:29,653 [INFO] com.mjk.complaint.CustomerComplaintManagementSystem [restartedMain] Started CustomerComplaintManagementSystem in 10.46 seconds (JVM running for 12.297)
